
  ___  ____  ____  ____  ____ ®
 /__    /   ____/   /   ____/      17.0
___/   /   /___/   /   /___/       MP—Parallel Edition

 Statistics and Data Science       Copyright 1985-2021 StataCorp LLC
                                   StataCorp
                                   4905 Lakeway Drive
                                   College Station, Texas 77845 USA
                                   800-STATA-PC        https://www.stata.com
                                   979-696-4600        stata@stata.com

Stata license: Single-user 16-core  perpetual
Serial number: 501706305188
  Licensed to: Timothy Copeland
               Karolinska Institutet

Notes:
      1. Stata is running in batch mode.
      2. Unicode is supported; see help unicode_advice.
      3. More than 2 billion observations are allowed; see help obs_advice.
      4. Maximum number of variables is set to 5,000 but can be increased;
          see help set_maxvar.

. do tte/qa/crossval_tte_vs_r.do 

. * crossval_tte_vs_r.do — Cross-validation: Stata tte vs R TrialEmulation
. *
. * Runs 3 TTE configurations on the trial_example dataset and compares
. * treatment coefficients, robust SEs, and risk differences at t=10
. * against results from R's TrialEmulation package.
. *
. * Prerequisites: Run the companion R script (01_r_analysis.R) first
. *   to generate R benchmark results in r_results/
. *
. * Produces: crossval_tte_vs_r.xlsx with the comparison table
. *
. * R TrialEmulation reference (Maringe et al. 2024, arXiv:2402.12083)
. *   uses the trial_example dataset (503 patients, 48,400 person-periods).
. *
. * Known algorithmic differences (NOTE* status expected):
. *   1. Weight model: R uses 4 strata (arm x lag_treat), Stata uses 2 (arm)
. *   2. Robust SE: R uses sandwich::vcovCL (HC1), Stata uses vce(cluster)
. *   3. Spline knots: R uses ns() boundary knots, Stata uses Harrell RCS
. *   Risk differences converge despite these differences.
. *
. * Run: stata-mp -b do crossval_tte_vs_r.do
. 
. version 16.0

. set varabbrev off

. set more off

. clear all

. set seed 12345

. 
. * --- Paths ---
. * Detect location: if run from Stata-Tools root, use relative paths;
. * otherwise fall back to absolute paths.
. local pkg_dir "/home/tpcopeland/Stata-Tools/tte"

. local qa_dir "`pkg_dir'/qa"

. local crossval_dir "/home/tpcopeland/Stata-Dev/_devkit/_validation/cross_vali
> dation/tte_vs_r"

. local datadir "`crossval_dir'/data"

. local rdir    "`crossval_dir'/r_results"

. local outfile "`qa_dir'/crossval_tte_vs_r.xlsx"

. 
. * --- Setup adopath ---
. capture ado uninstall tte

. adopath ++ "`pkg_dir'"
  [1]              "/home/tpcopeland/Stata-Tools/tte"
  [2]  (BASE)      "/usr/local/stata17/ado/base/"
  [3]  (SITE)      "/usr/local/ado/"
  [4]              "."
  [5]  (PERSONAL)  "~/ado/personal/"
  [6]  (PLUS)      "~/ado/plus/"
  [7]  (OLDPLACE)  "~/ado/"

. 
. * --- Verify R results exist ---
. capture confirm file "`rdir'/config1_itt_coefs.csv"

. if _rc != 0 {
.     display as error "R results not found in `rdir'."
.     display as error "Run 01_r_analysis.R first."
.     exit 601
. }

. 
. display _newline



. display _dup(72) "="
========================================================================

. display "Cross-Validation: Stata tte vs R TrialEmulation"
Cross-Validation: Stata tte vs R TrialEmulation

. display _dup(72) "="
========================================================================

. 
. * --- Load and prepare data ---
. import delimited using "`datadir'/trial_example.csv", clear case(preserve)
(11 vars, 48,400 obs)

. display "Dataset: " _N " person-periods, " as result "503" as text " patients
> "
Dataset: 48400 person-periods, 503 patients

. 
. local outcome_covs "catvarA catvarB nvarA nvarB nvarC"

. local switch_covs "nvarA nvarB"

. 
. tempfile prepared_data

. save `prepared_data'
file /tmp/St2115680.000001 saved as .dta format

. 
. * =====================================================================
. * CONFIG 1: ITT, quadratic, no weights
. * =====================================================================
. display _newline "CONFIG 1: ITT, quadratic time, no weights"

CONFIG 1: ITT, quadratic time, no weights

. 
. use `prepared_data', clear

. tte_prepare, id(id) period(period) treatment(treatment) ///
>     outcome(outcome) eligible(eligible) ///
>     covariates(`switch_covs') estimand(ITT)

----------------------------------------------------------------------
tte_prepare - Data Preparation
----------------------------------------------------------------------

Variable mapping:
  ID:          id
  Period:      period (range: 1 to 396)
  Treatment:   treatment
  Outcome:     outcome
  Eligible:    eligible
  Covariates:  nvarA nvarB

Estimand:      ITT

Data summary:
  Observations:         48,400
  Individuals:             503
  Period range:     1 - 396
  Eligible obs:         22,710
  Treated obs:          25,660
  Outcome events:          253

Metadata stored. Next step: tte_validate or tte_expand
----------------------------------------------------------------------

. tte_expand

----------------------------------------------------------------------
tte_expand - Sequential Trial Expansion
----------------------------------------------------------------------

Estimand:        ITT
Trial periods:   396
Max follow-up:   unlimited

Expanding trials...
  ... processed 10 of 396 trial periods
  ... processed 20 of 396 trial periods
  ... processed 30 of 396 trial periods
  ... processed 40 of 396 trial periods
  ... processed 50 of 396 trial periods
  ... processed 60 of 396 trial periods
  ... processed 70 of 396 trial periods
  ... processed 80 of 396 trial periods
  ... processed 90 of 396 trial periods
  ... processed 100 of 396 trial periods
  ... processed 110 of 396 trial periods
  ... processed 120 of 396 trial periods
  ... processed 130 of 396 trial periods
  ... processed 140 of 396 trial periods
  ... processed 150 of 396 trial periods
  ... processed 160 of 396 trial periods
  ... processed 170 of 396 trial periods
  ... processed 180 of 396 trial periods
  ... processed 190 of 396 trial periods
  ... processed 200 of 396 trial periods
  ... processed 210 of 396 trial periods
  ... processed 220 of 396 trial periods
  ... processed 230 of 396 trial periods
  ... processed 240 of 396 trial periods
  ... processed 250 of 396 trial periods
  ... processed 260 of 396 trial periods
  ... processed 270 of 396 trial periods
  ... processed 280 of 396 trial periods
  ... processed 290 of 396 trial periods
  ... processed 300 of 396 trial periods
  ... processed 310 of 396 trial periods
  ... processed 320 of 396 trial periods
  ... processed 330 of 396 trial periods
  ... processed 340 of 396 trial periods
  ... processed 350 of 396 trial periods
  ... processed 360 of 396 trial periods
  ... processed 370 of 396 trial periods
  ... processed 380 of 396 trial periods
  ... processed 390 of 396 trial periods
Combining 396 trial datasets...

Expansion complete:
  Original obs:         48,400
  Expanded obs:      1,939,053
  Expansion ratio:        40.1x
  Trials created:   396
  Treatment arm:       114,909
  Control arm:       1,824,144
  Censored:                  0
  Events:                8,661

Variables created: _tte_trial _tte_arm _tte_followup _tte_censored _tte_outcome
> _obs

Next step: tte_fit
----------------------------------------------------------------------

. tte_fit, outcome_cov(`outcome_covs') ///
>     followup_spec(quadratic) trial_period_spec(quadratic) nolog

----------------------------------------------------------------------
tte_fit - Outcome Model
----------------------------------------------------------------------

Model type:       logistic
Estimand:         ITT
Outcome:          _tte_outcome_obs
Treatment var:    _tte_arm
Follow-up spec:   quadratic
Trial spec:       quadratic
Covariates:       catvarA catvarB nvarA nvarB nvarC
Cluster var:      id

Fitting pooled logistic regression...


Generalized linear models                         Number of obs   =    1939053
Optimization     : ML                             Residual df     =    1939042
                                                  Scale parameter =          1
Deviance         =   107876.455                   (1/df) Deviance =   .0556339
Pearson          =  1869588.962                   (1/df) Pearson  =   .9641818

Variance function: V(u) = u*(1-u)                 [Bernoulli]
Link function    : g(u) = ln(u/(1-u))             [Logit]

                                                  AIC             =   .0556449
Log pseudolikelihood = -53938.22752               BIC             =  -2.80e+07

                                   (Std. err. adjusted for 503 clusters in id)
------------------------------------------------------------------------------
             |               Robust
_tte_outco~s | Coefficient  std. err.      z    P>|z|     [95% conf. interval]
-------------+----------------------------------------------------------------
    _tte_arm |  -.2668616   .3100356    -0.86   0.389    -.8745202     .340797
_tte_follo~p |   .0049995   .0037369     1.34   0.181    -.0023246    .0123236
_tte_follo~q |  -7.84e-06   .0000163    -0.48   0.631    -.0000399    .0000242
  _tte_trial |  -.0018148   .0043054    -0.42   0.673    -.0102532    .0066236
_tte_trial~q |   8.09e-06   9.18e-06     0.88   0.378    -9.90e-06    .0000261
     catvarA |   .0451509   .0592598     0.76   0.446     -.070996    .1612979
     catvarB |  -.0691117   .0467686    -1.48   0.139    -.1607765    .0225531
       nvarA |  -.0796387    .044435    -1.79   0.073    -.1667297    .0074523
       nvarB |   .0048787   .0023149     2.11   0.035     .0003415    .0094159
       nvarC |  -.0390798   .0067785    -5.77   0.000    -.0523654   -.0257942
       _cons |  -3.162402   .7713775    -4.10   0.000    -4.674275    -1.65053
------------------------------------------------------------------------------

----------------------------------------------------------------------
Treatment effect (assigned arm):
  Log-odds:     -0.2669 (SE:  0.3100)
  Odds ratio:    0.7658 (95% CI:  0.4171 -  1.4061)
  p-value:       0.3894

Next step: tte_predict for marginal predictions
----------------------------------------------------------------------

. 
. local c1_coef = _b[_tte_arm]

. local c1_se   = _se[_tte_arm]

. 
. tte_predict, times(0(1)30) type(cum_inc) difference samples(100) seed(12345)

----------------------------------------------------------------------
tte_predict - Marginal Predictions
----------------------------------------------------------------------

Prediction type:  cum_inc
MC samples:       100
Confidence level: 95%
Risk difference:  Yes

Computing predictions...
(22,710 missing values generated)
(22,710 missing values generated)
Running 100 Monte Carlo simulations...
(22,710 missing values generated)
(22,710 missing values generated)
(22,710 missing values generated)
(22,710 missing values generated)
(22,710 missing values generated)
(22,710 missing values generated)
(22,710 missing values generated)
(22,710 missing values generated)
(22,710 missing values generated)
(22,710 missing values generated)
(22,710 missing values generated)
(22,710 missing values generated)
(22,710 missing values generated)
(22,710 missing values generated)
(22,710 missing values generated)
(22,710 missing values generated)
(22,710 missing values generated)
(22,710 missing values generated)
(22,710 missing values generated)
(22,710 missing values generated)
(22,710 missing values generated)
(22,710 missing values generated)
(22,710 missing values generated)
(22,710 missing values generated)
(22,710 missing values generated)
(22,710 missing values generated)
(22,710 missing values generated)
(22,710 missing values generated)
(22,710 missing values generated)
(22,710 missing values generated)
(22,710 missing values generated)
(22,710 missing values generated)
(22,710 missing values generated)
(22,710 missing values generated)
(22,710 missing values generated)
(22,710 missing values generated)
(22,710 missing values generated)
(22,710 missing values generated)
(22,710 missing values generated)
(22,710 missing values generated)
(22,710 missing values generated)
(22,710 missing values generated)
(22,710 missing values generated)
(22,710 missing values generated)
(22,710 missing values generated)
(22,710 missing values generated)
(22,710 missing values generated)
(22,710 missing values generated)
(22,710 missing values generated)
(22,710 missing values generated)
(22,710 missing values generated)
(22,710 missing values generated)
(22,710 missing values generated)
(22,710 missing values generated)
(22,710 missing values generated)
(22,710 missing values generated)
(22,710 missing values generated)
(22,710 missing values generated)
(22,710 missing values generated)
(22,710 missing values generated)
(22,710 missing values generated)
(22,710 missing values generated)
(22,710 missing values generated)
(22,710 missing values generated)
(22,710 missing values generated)
(22,710 missing values generated)
(22,710 missing values generated)
(22,710 missing values generated)
(22,710 missing values generated)
(22,710 missing values generated)
(22,710 missing values generated)
(22,710 missing values generated)
(22,710 missing values generated)
(22,710 missing values generated)
(22,710 missing values generated)
(22,710 missing values generated)
(22,710 missing values generated)
(22,710 missing values generated)
(22,710 missing values generated)
(22,710 missing values generated)
(22,710 missing values generated)
(22,710 missing values generated)
(22,710 missing values generated)
(22,710 missing values generated)
(22,710 missing values generated)
(22,710 missing values generated)
(22,710 missing values generated)
(22,710 missing values generated)
(22,710 missing values generated)
(22,710 missing values generated)
(22,710 missing values generated)
(22,710 missing values generated)
(22,710 missing values generated)
(22,710 missing values generated)
(22,710 missing values generated)
(22,710 missing values generated)
(22,710 missing values generated)
(22,710 missing values generated)
(22,710 missing values generated)
(22,710 missing values generated)
  ... 50 of 100 samples completed
(22,710 missing values generated)
(22,710 missing values generated)
(22,710 missing values generated)
(22,710 missing values generated)
(22,710 missing values generated)
(22,710 missing values generated)
(22,710 missing values generated)
(22,710 missing values generated)
(22,710 missing values generated)
(22,710 missing values generated)
(22,710 missing values generated)
(22,710 missing values generated)
(22,710 missing values generated)
(22,710 missing values generated)
(22,710 missing values generated)
(22,710 missing values generated)
(22,710 missing values generated)
(22,710 missing values generated)
(22,710 missing values generated)
(22,710 missing values generated)
(22,710 missing values generated)
(22,710 missing values generated)
(22,710 missing values generated)
(22,710 missing values generated)
(22,710 missing values generated)
(22,710 missing values generated)
(22,710 missing values generated)
(22,710 missing values generated)
(22,710 missing values generated)
(22,710 missing values generated)
(22,710 missing values generated)
(22,710 missing values generated)
(22,710 missing values generated)
(22,710 missing values generated)
(22,710 missing values generated)
(22,710 missing values generated)
(22,710 missing values generated)
(22,710 missing values generated)
(22,710 missing values generated)
(22,710 missing values generated)
(22,710 missing values generated)
(22,710 missing values generated)
(22,710 missing values generated)
(22,710 missing values generated)
(22,710 missing values generated)
(22,710 missing values generated)
(22,710 missing values generated)
(22,710 missing values generated)
(22,710 missing values generated)
(22,710 missing values generated)
(22,710 missing values generated)
(22,710 missing values generated)
(22,710 missing values generated)
(22,710 missing values generated)
(22,710 missing values generated)
(22,710 missing values generated)
(22,710 missing values generated)
(22,710 missing values generated)
(22,710 missing values generated)
(22,710 missing values generated)
(22,710 missing values generated)
(22,710 missing values generated)
(22,710 missing values generated)
(22,710 missing values generated)
(22,710 missing values generated)
(22,710 missing values generated)
(22,710 missing values generated)
(22,710 missing values generated)
(22,710 missing values generated)
(22,710 missing values generated)
(22,710 missing values generated)
(22,710 missing values generated)
(22,710 missing values generated)
(22,710 missing values generated)
(22,710 missing values generated)
(22,710 missing values generated)
(22,710 missing values generated)
(22,710 missing values generated)
(22,710 missing values generated)
(22,710 missing values generated)
(22,710 missing values generated)
(22,710 missing values generated)
(22,710 missing values generated)
(22,710 missing values generated)
(22,710 missing values generated)
(22,710 missing values generated)
(22,710 missing values generated)
(22,710 missing values generated)
(22,710 missing values generated)
(22,710 missing values generated)
(22,710 missing values generated)
(22,710 missing values generated)
(22,710 missing values generated)
(22,710 missing values generated)
(22,710 missing values generated)
(22,710 missing values generated)
(22,710 missing values generated)
(22,710 missing values generated)
(22,710 missing values generated)
(22,710 missing values generated)
  ... 100 of 100 samples completed

----------------------------------------------------------------------
Cumulative Incidence Estimates (95% CI)
----------------------------------------------------------------------

 Time     Control     Treated        Diff
---------------------------------------------
    0      0.0045      0.0035     -0.0011
       (0.0038-0.0060)  (0.0018-0.0064)  (-0.0028-0.0013)
    1      0.0090      0.0069     -0.0021
       (0.0076-0.0120)  (0.0037-0.0127)  (-0.0057-0.0026)
    2      0.0136      0.0104     -0.0031
       (0.0114-0.0179)  (0.0056-0.0190)  (-0.0085-0.0038)
    3      0.0180      0.0139     -0.0042
       (0.0152-0.0238)  (0.0074-0.0252)  (-0.0112-0.0051)
    4      0.0225      0.0173     -0.0052
       (0.0190-0.0296)  (0.0093-0.0314)  (-0.0140-0.0063)
    5      0.0270      0.0208     -0.0062
       (0.0228-0.0353)  (0.0112-0.0375)  (-0.0167-0.0075)
    6      0.0315      0.0243     -0.0072
       (0.0266-0.0410)  (0.0131-0.0435)  (-0.0194-0.0088)
    7      0.0359      0.0277     -0.0082
       (0.0303-0.0466)  (0.0150-0.0495)  (-0.0221-0.0100)
    8      0.0403      0.0312     -0.0092
       (0.0341-0.0522)  (0.0168-0.0554)  (-0.0247-0.0111)
    9      0.0448      0.0346     -0.0102
       (0.0379-0.0578)  (0.0187-0.0613)  (-0.0274-0.0123)
   10      0.0492      0.0380     -0.0111
       (0.0416-0.0634)  (0.0206-0.0671)  (-0.0300-0.0135)
   11      0.0536      0.0415     -0.0121
       (0.0454-0.0690)  (0.0224-0.0730)  (-0.0326-0.0146)
   12      0.0580      0.0449     -0.0130
       (0.0491-0.0745)  (0.0243-0.0790)  (-0.0351-0.0157)
   13      0.0623      0.0483     -0.0140
       (0.0529-0.0801)  (0.0261-0.0850)  (-0.0377-0.0169)
   14      0.0667      0.0518     -0.0149
       (0.0566-0.0856)  (0.0280-0.0909)  (-0.0402-0.0180)
   15      0.0711      0.0552     -0.0159
       (0.0603-0.0910)  (0.0299-0.0969)  (-0.0427-0.0191)
   16      0.0754      0.0586     -0.0168
       (0.0641-0.0965)  (0.0317-0.1028)  (-0.0452-0.0201)
   17      0.0797      0.0620     -0.0177
       (0.0678-0.1019)  (0.0336-0.1087)  (-0.0477-0.0212)
   18      0.0841      0.0655     -0.0186
       (0.0715-0.1073)  (0.0354-0.1146)  (-0.0501-0.0223)
   19      0.0884      0.0689     -0.0195
       (0.0753-0.1126)  (0.0373-0.1204)  (-0.0525-0.0233)
   20      0.0927      0.0723     -0.0204
       (0.0790-0.1180)  (0.0392-0.1263)  (-0.0550-0.0243)
   21      0.0970      0.0757     -0.0213
       (0.0827-0.1233)  (0.0411-0.1321)  (-0.0573-0.0253)
   22      0.1012      0.0791     -0.0222
       (0.0864-0.1286)  (0.0431-0.1380)  (-0.0597-0.0263)
   23      0.1055      0.0825     -0.0230
       (0.0902-0.1338)  (0.0451-0.1438)  (-0.0621-0.0273)
   24      0.1098      0.0859     -0.0239
       (0.0939-0.1391)  (0.0471-0.1496)  (-0.0644-0.0283)
   25      0.1140      0.0893     -0.0247
       (0.0976-0.1443)  (0.0490-0.1553)  (-0.0667-0.0293)
   26      0.1182      0.0926     -0.0256
       (0.1013-0.1494)  (0.0510-0.1611)  (-0.0690-0.0302)
   27      0.1225      0.0960     -0.0264
       (0.1050-0.1546)  (0.0530-0.1668)  (-0.0715-0.0312)
   28      0.1267      0.0994     -0.0273
       (0.1087-0.1597)  (0.0551-0.1721)  (-0.0739-0.0321)
   29      0.1309      0.1028     -0.0281
       (0.1126-0.1648)  (0.0571-0.1772)  (-0.0764-0.0330)
   30      0.1351      0.1061     -0.0289
       (0.1162-0.1699)  (0.0591-0.1822)  (-0.0788-0.0339)

----------------------------------------------------------------------

. matrix c1_pred = r(predictions)

. local c1_rd10 = c1_pred[11, 8]

. 
. display "  Coef: " %9.6f `c1_coef' "  SE: " %9.6f `c1_se' "  RD(10): " %9.6f 
> `c1_rd10'
  Coef: -0.266862  SE:  0.310036  RD(10): -0.011124

. 
. * =====================================================================
. * CONFIG 2: PP, quadratic, stabilized IPTW
. * =====================================================================
. display _newline "CONFIG 2: PP, quadratic time, stabilized IPTW"

CONFIG 2: PP, quadratic time, stabilized IPTW

. 
. use `prepared_data', clear

. tte_prepare, id(id) period(period) treatment(treatment) ///
>     outcome(outcome) eligible(eligible) ///
>     covariates(`switch_covs') estimand(PP)

----------------------------------------------------------------------
tte_prepare - Data Preparation
----------------------------------------------------------------------

Variable mapping:
  ID:          id
  Period:      period (range: 1 to 396)
  Treatment:   treatment
  Outcome:     outcome
  Eligible:    eligible
  Covariates:  nvarA nvarB

Estimand:      PP

Data summary:
  Observations:         48,400
  Individuals:             503
  Period range:     1 - 396
  Eligible obs:         22,710
  Treated obs:          25,660
  Outcome events:          253

Metadata stored. Next step: tte_validate or tte_expand
----------------------------------------------------------------------

. tte_expand

----------------------------------------------------------------------
tte_expand - Sequential Trial Expansion
----------------------------------------------------------------------

Estimand:        PP
Trial periods:   396
Max follow-up:   unlimited
Grace period:    0 periods

Expanding trials...
  ... processed 10 of 396 trial periods
  ... processed 20 of 396 trial periods
  ... processed 30 of 396 trial periods
  ... processed 40 of 396 trial periods
  ... processed 50 of 396 trial periods
  ... processed 60 of 396 trial periods
  ... processed 70 of 396 trial periods
  ... processed 80 of 396 trial periods
  ... processed 90 of 396 trial periods
  ... processed 100 of 396 trial periods
  ... processed 110 of 396 trial periods
  ... processed 120 of 396 trial periods
  ... processed 130 of 396 trial periods
  ... processed 140 of 396 trial periods
  ... processed 150 of 396 trial periods
  ... processed 160 of 396 trial periods
  ... processed 170 of 396 trial periods
  ... processed 180 of 396 trial periods
  ... processed 190 of 396 trial periods
  ... processed 200 of 396 trial periods
  ... processed 210 of 396 trial periods
  ... processed 220 of 396 trial periods
  ... processed 230 of 396 trial periods
  ... processed 240 of 396 trial periods
  ... processed 250 of 396 trial periods
  ... processed 260 of 396 trial periods
  ... processed 270 of 396 trial periods
  ... processed 280 of 396 trial periods
  ... processed 290 of 396 trial periods
  ... processed 300 of 396 trial periods
  ... processed 310 of 396 trial periods
  ... processed 320 of 396 trial periods
  ... processed 330 of 396 trial periods
  ... processed 340 of 396 trial periods
  ... processed 350 of 396 trial periods
  ... processed 360 of 396 trial periods
  ... processed 370 of 396 trial periods
  ... processed 380 of 396 trial periods
  ... processed 390 of 396 trial periods
Combining 396 trial datasets...

Expansion complete:
  Original obs:         48,400
  Expanded obs:        998,110
  Expansion ratio:        20.6x
  Trials created:   396
  Treatment arm:       116,947
  Control arm:         881,163
  Censored:             34,227
  Events:                4,082

Variables created: _tte_trial _tte_arm _tte_followup _tte_censored _tte_outcome
> _obs

Next step: tte_weight
----------------------------------------------------------------------

. tte_weight, switch_d_cov(`switch_covs') switch_n_cov(`switch_covs') ///
>     stabilized nolog

----------------------------------------------------------------------
tte_weight - Inverse Probability Weights
----------------------------------------------------------------------

Estimand:         PP
Switch denom:     nvarA nvarB
Switch numer:     nvarA nvarB
Stabilized:       Yes

Fitting treatment switch models...
  Switch model for arm 0...
  Switch model for arm 1...

Weight distribution:
  Mean:        1.0108
  SD:          0.0867
  Min:         0.2214
  Median:      1.0283
  Max:         4.3710
  P1:          0.6129
  P99:         1.0846

Effective sample size:  990817.3

Next step: tte_diagnose or tte_fit
----------------------------------------------------------------------

. tte_fit, outcome_cov(`outcome_covs') ///
>     followup_spec(quadratic) trial_period_spec(quadratic) nolog

----------------------------------------------------------------------
tte_fit - Outcome Model
----------------------------------------------------------------------

Model type:       logistic
Estimand:         PP
Outcome:          _tte_outcome_obs
Treatment var:    _tte_arm
Follow-up spec:   quadratic
Trial spec:       quadratic
Covariates:       catvarA catvarB nvarA nvarB nvarC
Weight var:       _tte_weight
Cluster var:      id

Fitting pooled logistic regression...


Generalized linear models                         Number of obs   =    963,883
Optimization     : ML                             Residual df     =    963,872
                                                  Scale parameter =          1
Deviance         =  51269.84893                   (1/df) Deviance =   .0531916
Pearson          =  938030.0574                   (1/df) Pearson  =   .9731894

Variance function: V(u) = u*(1-u)                 [Bernoulli]
Link function    : g(u) = ln(u/(1-u))             [Logit]

                                                  AIC             =   .0532138
Log pseudolikelihood = -25634.92446               BIC             =  -1.32e+07

                                   (Std. err. adjusted for 503 clusters in id)
------------------------------------------------------------------------------
             |               Robust
_tte_outco~s | Coefficient  std. err.      z    P>|z|     [95% conf. interval]
-------------+----------------------------------------------------------------
    _tte_arm |  -.4161367   .4088069    -1.02   0.309    -1.217383      .38511
_tte_follo~p |   .0083502   .0057957     1.44   0.150    -.0030091    .0197095
_tte_follo~q |  -.0000536   .0000481    -1.11   0.265    -.0001478    .0000407
  _tte_trial |  -.0075577   .0057913    -1.31   0.192    -.0189084    .0037929
_tte_trial~q |   .0000193    .000012     1.61   0.107    -4.17e-06    .0000427
     catvarA |    -.03511   .0852349    -0.41   0.680    -.2021673    .1319473
     catvarB |  -.1194683   .0648658    -1.84   0.066    -.2466028    .0076662
       nvarA |  -.0099154   .0515765    -0.19   0.848    -.1110034    .0911727
       nvarB |   .0032622   .0024146     1.35   0.177    -.0014703    .0079947
       nvarC |  -.0435842   .0091209    -4.78   0.000    -.0614608   -.0257076
       _cons |  -1.991658   1.061849    -1.88   0.061    -4.072843    .0895277
------------------------------------------------------------------------------

----------------------------------------------------------------------
Treatment effect (assigned arm):
  Log-odds:     -0.4161 (SE:  0.4088)
  Odds ratio:    0.6596 (95% CI:  0.2960 -  1.4698)
  p-value:       0.3087

Next step: tte_predict for marginal predictions
----------------------------------------------------------------------

. 
. local c2_coef = _b[_tte_arm]

. local c2_se   = _se[_tte_arm]

. 
. tte_predict, times(0(1)30) type(cum_inc) difference samples(100) seed(12345)

----------------------------------------------------------------------
tte_predict - Marginal Predictions
----------------------------------------------------------------------

Prediction type:  cum_inc
MC samples:       100
Confidence level: 95%
Risk difference:  Yes

Computing predictions...
(22,710 missing values generated)
(22,710 missing values generated)
Running 100 Monte Carlo simulations...
(22,710 missing values generated)
(22,710 missing values generated)
(22,710 missing values generated)
(22,710 missing values generated)
(22,710 missing values generated)
(22,710 missing values generated)
(22,710 missing values generated)
(22,710 missing values generated)
(22,710 missing values generated)
(22,710 missing values generated)
(22,710 missing values generated)
(22,710 missing values generated)
(22,710 missing values generated)
(22,710 missing values generated)
(22,710 missing values generated)
(22,710 missing values generated)
(22,710 missing values generated)
(22,710 missing values generated)
(22,710 missing values generated)
(22,710 missing values generated)
(22,710 missing values generated)
(22,710 missing values generated)
(22,710 missing values generated)
(22,710 missing values generated)
(22,710 missing values generated)
(22,710 missing values generated)
(22,710 missing values generated)
(22,710 missing values generated)
(22,710 missing values generated)
(22,710 missing values generated)
(22,710 missing values generated)
(22,710 missing values generated)
(22,710 missing values generated)
(22,710 missing values generated)
(22,710 missing values generated)
(22,710 missing values generated)
(22,710 missing values generated)
(22,710 missing values generated)
(22,710 missing values generated)
(22,710 missing values generated)
(22,710 missing values generated)
(22,710 missing values generated)
(22,710 missing values generated)
(22,710 missing values generated)
(22,710 missing values generated)
(22,710 missing values generated)
(22,710 missing values generated)
(22,710 missing values generated)
(22,710 missing values generated)
(22,710 missing values generated)
(22,710 missing values generated)
(22,710 missing values generated)
(22,710 missing values generated)
(22,710 missing values generated)
(22,710 missing values generated)
(22,710 missing values generated)
(22,710 missing values generated)
(22,710 missing values generated)
(22,710 missing values generated)
(22,710 missing values generated)
(22,710 missing values generated)
(22,710 missing values generated)
(22,710 missing values generated)
(22,710 missing values generated)
(22,710 missing values generated)
(22,710 missing values generated)
(22,710 missing values generated)
(22,710 missing values generated)
(22,710 missing values generated)
(22,710 missing values generated)
(22,710 missing values generated)
(22,710 missing values generated)
(22,710 missing values generated)
(22,710 missing values generated)
(22,710 missing values generated)
(22,710 missing values generated)
(22,710 missing values generated)
(22,710 missing values generated)
(22,710 missing values generated)
(22,710 missing values generated)
(22,710 missing values generated)
(22,710 missing values generated)
(22,710 missing values generated)
(22,710 missing values generated)
(22,710 missing values generated)
(22,710 missing values generated)
(22,710 missing values generated)
(22,710 missing values generated)
(22,710 missing values generated)
(22,710 missing values generated)
(22,710 missing values generated)
(22,710 missing values generated)
(22,710 missing values generated)
(22,710 missing values generated)
(22,710 missing values generated)
(22,710 missing values generated)
(22,710 missing values generated)
(22,710 missing values generated)
(22,710 missing values generated)
(22,710 missing values generated)
  ... 50 of 100 samples completed
(22,710 missing values generated)
(22,710 missing values generated)
(22,710 missing values generated)
(22,710 missing values generated)
(22,710 missing values generated)
(22,710 missing values generated)
(22,710 missing values generated)
(22,710 missing values generated)
(22,710 missing values generated)
(22,710 missing values generated)
(22,710 missing values generated)
(22,710 missing values generated)
(22,710 missing values generated)
(22,710 missing values generated)
(22,710 missing values generated)
(22,710 missing values generated)
(22,710 missing values generated)
(22,710 missing values generated)
(22,710 missing values generated)
(22,710 missing values generated)
(22,710 missing values generated)
(22,710 missing values generated)
(22,710 missing values generated)
(22,710 missing values generated)
(22,710 missing values generated)
(22,710 missing values generated)
(22,710 missing values generated)
(22,710 missing values generated)
(22,710 missing values generated)
(22,710 missing values generated)
(22,710 missing values generated)
(22,710 missing values generated)
(22,710 missing values generated)
(22,710 missing values generated)
(22,710 missing values generated)
(22,710 missing values generated)
(22,710 missing values generated)
(22,710 missing values generated)
(22,710 missing values generated)
(22,710 missing values generated)
(22,710 missing values generated)
(22,710 missing values generated)
(22,710 missing values generated)
(22,710 missing values generated)
(22,710 missing values generated)
(22,710 missing values generated)
(22,710 missing values generated)
(22,710 missing values generated)
(22,710 missing values generated)
(22,710 missing values generated)
(22,710 missing values generated)
(22,710 missing values generated)
(22,710 missing values generated)
(22,710 missing values generated)
(22,710 missing values generated)
(22,710 missing values generated)
(22,710 missing values generated)
(22,710 missing values generated)
(22,710 missing values generated)
(22,710 missing values generated)
(22,710 missing values generated)
(22,710 missing values generated)
(22,710 missing values generated)
(22,710 missing values generated)
(22,710 missing values generated)
(22,710 missing values generated)
(22,710 missing values generated)
(22,710 missing values generated)
(22,710 missing values generated)
(22,710 missing values generated)
(22,710 missing values generated)
(22,710 missing values generated)
(22,710 missing values generated)
(22,710 missing values generated)
(22,710 missing values generated)
(22,710 missing values generated)
(22,710 missing values generated)
(22,710 missing values generated)
(22,710 missing values generated)
(22,710 missing values generated)
(22,710 missing values generated)
(22,710 missing values generated)
(22,710 missing values generated)
(22,710 missing values generated)
(22,710 missing values generated)
(22,710 missing values generated)
(22,710 missing values generated)
(22,710 missing values generated)
(22,710 missing values generated)
(22,710 missing values generated)
(22,710 missing values generated)
(22,710 missing values generated)
(22,710 missing values generated)
(22,710 missing values generated)
(22,710 missing values generated)
(22,710 missing values generated)
(22,710 missing values generated)
(22,710 missing values generated)
(22,710 missing values generated)
(22,710 missing values generated)
  ... 100 of 100 samples completed

----------------------------------------------------------------------
Cumulative Incidence Estimates (95% CI)
----------------------------------------------------------------------

 Time     Control     Treated        Diff
---------------------------------------------
    0      0.0045      0.0030     -0.0015
       (0.0037-0.0060)  (0.0014-0.0066)  (-0.0037-0.0014)
    1      0.0089      0.0059     -0.0030
       (0.0073-0.0119)  (0.0028-0.0131)  (-0.0073-0.0027)
    2      0.0134      0.0089     -0.0045
       (0.0110-0.0178)  (0.0043-0.0195)  (-0.0109-0.0041)
    3      0.0178      0.0118     -0.0060
       (0.0147-0.0236)  (0.0057-0.0259)  (-0.0145-0.0054)
    4      0.0223      0.0148     -0.0074
       (0.0186-0.0293)  (0.0071-0.0322)  (-0.0181-0.0067)
    5      0.0267      0.0178     -0.0089
       (0.0224-0.0350)  (0.0086-0.0384)  (-0.0216-0.0079)
    6      0.0312      0.0208     -0.0104
       (0.0262-0.0407)  (0.0100-0.0446)  (-0.0251-0.0092)
    7      0.0356      0.0238     -0.0118
       (0.0300-0.0462)  (0.0114-0.0507)  (-0.0285-0.0104)
    8      0.0400      0.0268     -0.0132
       (0.0337-0.0518)  (0.0129-0.0567)  (-0.0319-0.0117)
    9      0.0444      0.0298     -0.0146
       (0.0375-0.0572)  (0.0144-0.0626)  (-0.0353-0.0129)
   10      0.0488      0.0328     -0.0161
       (0.0413-0.0627)  (0.0159-0.0685)  (-0.0387-0.0140)
   11      0.0533      0.0358     -0.0175
       (0.0451-0.0680)  (0.0174-0.0743)  (-0.0420-0.0152)
   12      0.0577      0.0388     -0.0188
       (0.0489-0.0734)  (0.0190-0.0801)  (-0.0453-0.0163)
   13      0.0620      0.0418     -0.0202
       (0.0527-0.0786)  (0.0205-0.0858)  (-0.0486-0.0175)
   14      0.0664      0.0448     -0.0216
       (0.0566-0.0839)  (0.0221-0.0914)  (-0.0519-0.0186)
   15      0.0708      0.0479     -0.0229
       (0.0604-0.0891)  (0.0236-0.0974)  (-0.0552-0.0197)
   16      0.0752      0.0509     -0.0243
       (0.0642-0.0942)  (0.0252-0.1034)  (-0.0587-0.0209)
   17      0.0795      0.0539     -0.0256
       (0.0681-0.0993)  (0.0268-0.1094)  (-0.0622-0.0220)
   18      0.0839      0.0569     -0.0270
       (0.0719-0.1047)  (0.0284-0.1154)  (-0.0656-0.0231)
   19      0.0882      0.0600     -0.0283
       (0.0757-0.1100)  (0.0300-0.1214)  (-0.0691-0.0241)
   20      0.0926      0.0630     -0.0296
       (0.0796-0.1154)  (0.0316-0.1274)  (-0.0725-0.0252)
   21      0.0969      0.0660     -0.0309
       (0.0832-0.1211)  (0.0332-0.1334)  (-0.0757-0.0262)
   22      0.1012      0.0691     -0.0322
       (0.0868-0.1269)  (0.0349-0.1393)  (-0.0788-0.0273)
   23      0.1055      0.0721     -0.0334
       (0.0904-0.1326)  (0.0365-0.1452)  (-0.0819-0.0283)
   24      0.1098      0.0751     -0.0347
       (0.0939-0.1384)  (0.0382-0.1512)  (-0.0850-0.0293)
   25      0.1141      0.0781     -0.0360
       (0.0976-0.1441)  (0.0399-0.1571)  (-0.0881-0.0303)
   26      0.1184      0.0812     -0.0372
       (0.1014-0.1498)  (0.0415-0.1629)  (-0.0911-0.0313)
   27      0.1226      0.0842     -0.0384
       (0.1051-0.1556)  (0.0432-0.1688)  (-0.0941-0.0322)
   28      0.1269      0.0872     -0.0397
       (0.1088-0.1613)  (0.0449-0.1746)  (-0.0971-0.0332)
   29      0.1311      0.0903     -0.0409
       (0.1126-0.1671)  (0.0466-0.1802)  (-0.1000-0.0341)
   30      0.1353      0.0933     -0.0421
       (0.1164-0.1725)  (0.0483-0.1851)  (-0.1029-0.0350)

----------------------------------------------------------------------

. matrix c2_pred = r(predictions)

. local c2_rd10 = c2_pred[11, 8]

. 
. display "  Coef: " %9.6f `c2_coef' "  SE: " %9.6f `c2_se' "  RD(10): " %9.6f 
> `c2_rd10'
  Coef: -0.416137  SE:  0.408807  RD(10): -0.016053

. 
. * =====================================================================
. * CONFIG 3: PP, quadratic, stabilized + truncated (1/99)
. * =====================================================================
. display _newline "CONFIG 3: PP, quadratic, stabilized + truncated 1/99"

CONFIG 3: PP, quadratic, stabilized + truncated 1/99

. 
. use `prepared_data', clear

. tte_prepare, id(id) period(period) treatment(treatment) ///
>     outcome(outcome) eligible(eligible) ///
>     covariates(`switch_covs') estimand(PP)

----------------------------------------------------------------------
tte_prepare - Data Preparation
----------------------------------------------------------------------

Variable mapping:
  ID:          id
  Period:      period (range: 1 to 396)
  Treatment:   treatment
  Outcome:     outcome
  Eligible:    eligible
  Covariates:  nvarA nvarB

Estimand:      PP

Data summary:
  Observations:         48,400
  Individuals:             503
  Period range:     1 - 396
  Eligible obs:         22,710
  Treated obs:          25,660
  Outcome events:          253

Metadata stored. Next step: tte_validate or tte_expand
----------------------------------------------------------------------

. tte_expand

----------------------------------------------------------------------
tte_expand - Sequential Trial Expansion
----------------------------------------------------------------------

Estimand:        PP
Trial periods:   396
Max follow-up:   unlimited
Grace period:    0 periods

Expanding trials...
  ... processed 10 of 396 trial periods
  ... processed 20 of 396 trial periods
  ... processed 30 of 396 trial periods
  ... processed 40 of 396 trial periods
  ... processed 50 of 396 trial periods
  ... processed 60 of 396 trial periods
  ... processed 70 of 396 trial periods
  ... processed 80 of 396 trial periods
  ... processed 90 of 396 trial periods
  ... processed 100 of 396 trial periods
  ... processed 110 of 396 trial periods
  ... processed 120 of 396 trial periods
  ... processed 130 of 396 trial periods
  ... processed 140 of 396 trial periods
  ... processed 150 of 396 trial periods
  ... processed 160 of 396 trial periods
  ... processed 170 of 396 trial periods
  ... processed 180 of 396 trial periods
  ... processed 190 of 396 trial periods
  ... processed 200 of 396 trial periods
  ... processed 210 of 396 trial periods
  ... processed 220 of 396 trial periods
  ... processed 230 of 396 trial periods
  ... processed 240 of 396 trial periods
  ... processed 250 of 396 trial periods
  ... processed 260 of 396 trial periods
  ... processed 270 of 396 trial periods
  ... processed 280 of 396 trial periods
  ... processed 290 of 396 trial periods
  ... processed 300 of 396 trial periods
  ... processed 310 of 396 trial periods
  ... processed 320 of 396 trial periods
  ... processed 330 of 396 trial periods
  ... processed 340 of 396 trial periods
  ... processed 350 of 396 trial periods
  ... processed 360 of 396 trial periods
  ... processed 370 of 396 trial periods
  ... processed 380 of 396 trial periods
  ... processed 390 of 396 trial periods
Combining 396 trial datasets...

Expansion complete:
  Original obs:         48,400
  Expanded obs:        998,110
  Expansion ratio:        20.6x
  Trials created:   396
  Treatment arm:       116,947
  Control arm:         881,163
  Censored:             34,227
  Events:                4,082

Variables created: _tte_trial _tte_arm _tte_followup _tte_censored _tte_outcome
> _obs

Next step: tte_weight
----------------------------------------------------------------------

. tte_weight, switch_d_cov(`switch_covs') switch_n_cov(`switch_covs') ///
>     stabilized truncate(1 99) nolog

----------------------------------------------------------------------
tte_weight - Inverse Probability Weights
----------------------------------------------------------------------

Estimand:         PP
Switch denom:     nvarA nvarB
Switch numer:     nvarA nvarB
Stabilized:       Yes
Truncation:       1th - 99th percentile

Fitting treatment switch models...
  Switch model for arm 0...
  Switch model for arm 1...

Truncating weights at 1th and 99th percentiles...
  Truncated 19435 observations (9965 low, 9470 high)

Weight distribution:
  Mean:        1.0115
  SD:          0.0779
  Min:         0.6129
  Median:      1.0283
  Max:         1.0846
  P1:          0.6129
  P99:         1.0846

Effective sample size:  992221.4

Next step: tte_diagnose or tte_fit
----------------------------------------------------------------------

. tte_fit, outcome_cov(`outcome_covs') ///
>     followup_spec(quadratic) trial_period_spec(quadratic) nolog

----------------------------------------------------------------------
tte_fit - Outcome Model
----------------------------------------------------------------------

Model type:       logistic
Estimand:         PP
Outcome:          _tte_outcome_obs
Treatment var:    _tte_arm
Follow-up spec:   quadratic
Trial spec:       quadratic
Covariates:       catvarA catvarB nvarA nvarB nvarC
Weight var:       _tte_weight
Cluster var:      id

Fitting pooled logistic regression...


Generalized linear models                         Number of obs   =    963,883
Optimization     : ML                             Residual df     =    963,872
                                                  Scale parameter =          1
Deviance         =  51278.66603                   (1/df) Deviance =   .0532007
Pearson          =  938741.8507                   (1/df) Pearson  =   .9739279

Variance function: V(u) = u*(1-u)                 [Bernoulli]
Link function    : g(u) = ln(u/(1-u))             [Logit]

                                                  AIC             =   .0532229
Log pseudolikelihood = -25639.33302               BIC             =  -1.32e+07

                                   (Std. err. adjusted for 503 clusters in id)
------------------------------------------------------------------------------
             |               Robust
_tte_outco~s | Coefficient  std. err.      z    P>|z|     [95% conf. interval]
-------------+----------------------------------------------------------------
    _tte_arm |  -.4155015   .4087187    -1.02   0.309    -1.216575    .3855724
_tte_follo~p |   .0084086   .0057026     1.47   0.140    -.0027683    .0195854
_tte_follo~q |  -.0000542   .0000464    -1.17   0.243    -.0001452    .0000368
  _tte_trial |  -.0075329   .0057932    -1.30   0.193    -.0188875    .0038216
_tte_trial~q |   .0000192    .000012     1.61   0.108    -4.23e-06    .0000427
     catvarA |  -.0348847   .0852345    -0.41   0.682    -.2019412    .1321718
     catvarB |  -.1195146   .0648476    -1.84   0.065    -.2466135    .0075843
       nvarA |  -.0099642   .0516475    -0.19   0.847    -.1111914     .091263
       nvarB |   .0032623   .0024148     1.35   0.177    -.0014706    .0079952
       nvarC |  -.0435974   .0091217    -4.78   0.000    -.0614756   -.0257192
       _cons |  -1.994127   1.061484    -1.88   0.060    -4.074596    .0863427
------------------------------------------------------------------------------

----------------------------------------------------------------------
Treatment effect (assigned arm):
  Log-odds:     -0.4155 (SE:  0.4087)
  Odds ratio:    0.6600 (95% CI:  0.2962 -  1.4705)
  p-value:       0.3093

Next step: tte_predict for marginal predictions
----------------------------------------------------------------------

. 
. local c3_coef = _b[_tte_arm]

. local c3_se   = _se[_tte_arm]

. 
. tte_predict, times(0(1)30) type(cum_inc) difference samples(100) seed(12345)

----------------------------------------------------------------------
tte_predict - Marginal Predictions
----------------------------------------------------------------------

Prediction type:  cum_inc
MC samples:       100
Confidence level: 95%
Risk difference:  Yes

Computing predictions...
(22,710 missing values generated)
(22,710 missing values generated)
Running 100 Monte Carlo simulations...
(22,710 missing values generated)
(22,710 missing values generated)
(22,710 missing values generated)
(22,710 missing values generated)
(22,710 missing values generated)
(22,710 missing values generated)
(22,710 missing values generated)
(22,710 missing values generated)
(22,710 missing values generated)
(22,710 missing values generated)
(22,710 missing values generated)
(22,710 missing values generated)
(22,710 missing values generated)
(22,710 missing values generated)
(22,710 missing values generated)
(22,710 missing values generated)
(22,710 missing values generated)
(22,710 missing values generated)
(22,710 missing values generated)
(22,710 missing values generated)
(22,710 missing values generated)
(22,710 missing values generated)
(22,710 missing values generated)
(22,710 missing values generated)
(22,710 missing values generated)
(22,710 missing values generated)
(22,710 missing values generated)
(22,710 missing values generated)
(22,710 missing values generated)
(22,710 missing values generated)
(22,710 missing values generated)
(22,710 missing values generated)
(22,710 missing values generated)
(22,710 missing values generated)
(22,710 missing values generated)
(22,710 missing values generated)
(22,710 missing values generated)
(22,710 missing values generated)
(22,710 missing values generated)
(22,710 missing values generated)
(22,710 missing values generated)
(22,710 missing values generated)
(22,710 missing values generated)
(22,710 missing values generated)
(22,710 missing values generated)
(22,710 missing values generated)
(22,710 missing values generated)
(22,710 missing values generated)
(22,710 missing values generated)
(22,710 missing values generated)
(22,710 missing values generated)
(22,710 missing values generated)
(22,710 missing values generated)
(22,710 missing values generated)
(22,710 missing values generated)
(22,710 missing values generated)
(22,710 missing values generated)
(22,710 missing values generated)
(22,710 missing values generated)
(22,710 missing values generated)
(22,710 missing values generated)
(22,710 missing values generated)
(22,710 missing values generated)
(22,710 missing values generated)
(22,710 missing values generated)
(22,710 missing values generated)
(22,710 missing values generated)
(22,710 missing values generated)
(22,710 missing values generated)
(22,710 missing values generated)
(22,710 missing values generated)
(22,710 missing values generated)
(22,710 missing values generated)
(22,710 missing values generated)
(22,710 missing values generated)
(22,710 missing values generated)
(22,710 missing values generated)
(22,710 missing values generated)
(22,710 missing values generated)
(22,710 missing values generated)
(22,710 missing values generated)
(22,710 missing values generated)
(22,710 missing values generated)
(22,710 missing values generated)
(22,710 missing values generated)
(22,710 missing values generated)
(22,710 missing values generated)
(22,710 missing values generated)
(22,710 missing values generated)
(22,710 missing values generated)
(22,710 missing values generated)
(22,710 missing values generated)
(22,710 missing values generated)
(22,710 missing values generated)
(22,710 missing values generated)
(22,710 missing values generated)
(22,710 missing values generated)
(22,710 missing values generated)
(22,710 missing values generated)
(22,710 missing values generated)
  ... 50 of 100 samples completed
(22,710 missing values generated)
(22,710 missing values generated)
(22,710 missing values generated)
(22,710 missing values generated)
(22,710 missing values generated)
(22,710 missing values generated)
(22,710 missing values generated)
(22,710 missing values generated)
(22,710 missing values generated)
(22,710 missing values generated)
(22,710 missing values generated)
(22,710 missing values generated)
(22,710 missing values generated)
(22,710 missing values generated)
(22,710 missing values generated)
(22,710 missing values generated)
(22,710 missing values generated)
(22,710 missing values generated)
(22,710 missing values generated)
(22,710 missing values generated)
(22,710 missing values generated)
(22,710 missing values generated)
(22,710 missing values generated)
(22,710 missing values generated)
(22,710 missing values generated)
(22,710 missing values generated)
(22,710 missing values generated)
(22,710 missing values generated)
(22,710 missing values generated)
(22,710 missing values generated)
(22,710 missing values generated)
(22,710 missing values generated)
(22,710 missing values generated)
(22,710 missing values generated)
(22,710 missing values generated)
(22,710 missing values generated)
(22,710 missing values generated)
(22,710 missing values generated)
(22,710 missing values generated)
(22,710 missing values generated)
(22,710 missing values generated)
(22,710 missing values generated)
(22,710 missing values generated)
(22,710 missing values generated)
(22,710 missing values generated)
(22,710 missing values generated)
(22,710 missing values generated)
(22,710 missing values generated)
(22,710 missing values generated)
(22,710 missing values generated)
(22,710 missing values generated)
(22,710 missing values generated)
(22,710 missing values generated)
(22,710 missing values generated)
(22,710 missing values generated)
(22,710 missing values generated)
(22,710 missing values generated)
(22,710 missing values generated)
(22,710 missing values generated)
(22,710 missing values generated)
(22,710 missing values generated)
(22,710 missing values generated)
(22,710 missing values generated)
(22,710 missing values generated)
(22,710 missing values generated)
(22,710 missing values generated)
(22,710 missing values generated)
(22,710 missing values generated)
(22,710 missing values generated)
(22,710 missing values generated)
(22,710 missing values generated)
(22,710 missing values generated)
(22,710 missing values generated)
(22,710 missing values generated)
(22,710 missing values generated)
(22,710 missing values generated)
(22,710 missing values generated)
(22,710 missing values generated)
(22,710 missing values generated)
(22,710 missing values generated)
(22,710 missing values generated)
(22,710 missing values generated)
(22,710 missing values generated)
(22,710 missing values generated)
(22,710 missing values generated)
(22,710 missing values generated)
(22,710 missing values generated)
(22,710 missing values generated)
(22,710 missing values generated)
(22,710 missing values generated)
(22,710 missing values generated)
(22,710 missing values generated)
(22,710 missing values generated)
(22,710 missing values generated)
(22,710 missing values generated)
(22,710 missing values generated)
(22,710 missing values generated)
(22,710 missing values generated)
(22,710 missing values generated)
(22,710 missing values generated)
  ... 100 of 100 samples completed

----------------------------------------------------------------------
Cumulative Incidence Estimates (95% CI)
----------------------------------------------------------------------

 Time     Control     Treated        Diff
---------------------------------------------
    0      0.0045      0.0030     -0.0015
       (0.0037-0.0060)  (0.0014-0.0066)  (-0.0037-0.0014)
    1      0.0089      0.0059     -0.0030
       (0.0073-0.0119)  (0.0028-0.0131)  (-0.0073-0.0027)
    2      0.0134      0.0089     -0.0045
       (0.0110-0.0177)  (0.0043-0.0195)  (-0.0109-0.0041)
    3      0.0178      0.0118     -0.0060
       (0.0148-0.0235)  (0.0057-0.0259)  (-0.0145-0.0054)
    4      0.0223      0.0148     -0.0074
       (0.0186-0.0293)  (0.0071-0.0322)  (-0.0180-0.0067)
    5      0.0267      0.0178     -0.0089
       (0.0224-0.0349)  (0.0085-0.0384)  (-0.0215-0.0080)
    6      0.0311      0.0208     -0.0103
       (0.0261-0.0406)  (0.0100-0.0446)  (-0.0250-0.0092)
    7      0.0356      0.0238     -0.0118
       (0.0299-0.0461)  (0.0114-0.0507)  (-0.0284-0.0105)
    8      0.0400      0.0268     -0.0132
       (0.0337-0.0517)  (0.0129-0.0567)  (-0.0319-0.0117)
    9      0.0444      0.0298     -0.0146
       (0.0375-0.0571)  (0.0144-0.0627)  (-0.0352-0.0129)
   10      0.0488      0.0328     -0.0160
       (0.0413-0.0625)  (0.0159-0.0686)  (-0.0386-0.0141)
   11      0.0532      0.0358     -0.0174
       (0.0451-0.0679)  (0.0175-0.0744)  (-0.0419-0.0152)
   12      0.0576      0.0388     -0.0188
       (0.0489-0.0733)  (0.0190-0.0801)  (-0.0452-0.0164)
   13      0.0620      0.0418     -0.0202
       (0.0527-0.0785)  (0.0205-0.0859)  (-0.0485-0.0175)
   14      0.0664      0.0449     -0.0216
       (0.0565-0.0838)  (0.0221-0.0915)  (-0.0518-0.0186)
   15      0.0708      0.0479     -0.0229
       (0.0603-0.0890)  (0.0237-0.0974)  (-0.0553-0.0198)
   16      0.0752      0.0509     -0.0243
       (0.0642-0.0941)  (0.0252-0.1034)  (-0.0587-0.0209)
   17      0.0795      0.0539     -0.0256
       (0.0680-0.0992)  (0.0268-0.1094)  (-0.0622-0.0220)
   18      0.0839      0.0570     -0.0269
       (0.0718-0.1046)  (0.0284-0.1154)  (-0.0657-0.0231)
   19      0.0882      0.0600     -0.0282
       (0.0757-0.1100)  (0.0300-0.1214)  (-0.0691-0.0242)
   20      0.0926      0.0630     -0.0295
       (0.0795-0.1155)  (0.0316-0.1274)  (-0.0724-0.0252)
   21      0.0969      0.0660     -0.0308
       (0.0832-0.1212)  (0.0333-0.1334)  (-0.0756-0.0263)
   22      0.1012      0.0691     -0.0321
       (0.0868-0.1269)  (0.0349-0.1393)  (-0.0787-0.0273)
   23      0.1055      0.0721     -0.0334
       (0.0904-0.1326)  (0.0366-0.1452)  (-0.0818-0.0283)
   24      0.1098      0.0751     -0.0347
       (0.0939-0.1384)  (0.0382-0.1511)  (-0.0849-0.0294)
   25      0.1141      0.0782     -0.0359
       (0.0976-0.1441)  (0.0399-0.1570)  (-0.0879-0.0303)
   26      0.1184      0.0812     -0.0371
       (0.1014-0.1499)  (0.0416-0.1629)  (-0.0909-0.0313)
   27      0.1226      0.0842     -0.0384
       (0.1051-0.1556)  (0.0433-0.1688)  (-0.0939-0.0323)
   28      0.1269      0.0873     -0.0396
       (0.1089-0.1613)  (0.0450-0.1746)  (-0.0969-0.0332)
   29      0.1311      0.0903     -0.0408
       (0.1128-0.1671)  (0.0467-0.1802)  (-0.0999-0.0341)
   30      0.1353      0.0933     -0.0420
       (0.1166-0.1725)  (0.0484-0.1851)  (-0.1028-0.0351)

----------------------------------------------------------------------

. matrix c3_pred = r(predictions)

. local c3_rd10 = c3_pred[11, 8]

. 
. display "  Coef: " %9.6f `c3_coef' "  SE: " %9.6f `c3_se' "  RD(10): " %9.6f 
> `c3_rd10'
  Coef: -0.415502  SE:  0.408719  RD(10): -0.016024

. 
. * =====================================================================
. * LOAD R RESULTS
. * =====================================================================
. 
. * Config 1
. preserve

. import delimited using "`rdir'/config1_itt_coefs.csv", clear
(7 vars, 11 obs)

. quietly {

. restore

. 
. preserve

. import delimited using "`rdir'/config1_itt_predictions.csv", clear
(10 vars, 31 obs)

. quietly local r1_rd10 = risk_diff[11]

. restore

. 
. * Config 2
. preserve

. import delimited using "`rdir'/config2_pp_coefs.csv", clear
(7 vars, 11 obs)

. quietly {

. restore

. 
. preserve

. import delimited using "`rdir'/config2_pp_predictions.csv", clear
(10 vars, 31 obs)

. quietly local r2_rd10 = risk_diff[11]

. restore

. 
. * Config 3
. preserve

. import delimited using "`rdir'/config3_pp_trunc_coefs.csv", clear
(7 vars, 11 obs)

. quietly {

. restore

. 
. preserve

. import delimited using "`rdir'/config3_pp_trunc_predictions.csv", clear
(10 vars, 31 obs)

. quietly local r3_rd10 = risk_diff[11]

. restore

. 
. * =====================================================================
. * COMPARISON TABLE AND STATUS
. * =====================================================================
. 
. * Tolerances
. local tol1_coef = 0.02

. local tol1_se   = 0.01

. local tol1_rd   = 0.005

. local tol23_coef = 0.15

. local tol23_se   = 0.15

. local tol23_rd   = 0.05

. 
. * Build results dataset (9 rows: 3 configs x 3 metrics)
. clear

. input str8 config str20 metric double(r_value stata_value)

        config                metric     r_value  stata_va~e
  1. end

. 
. local row = 0

. 
. foreach cfg in 1 2 3 {
  2.     foreach met in coef se rd10 {
  3.         local ++row
  4.         if "`met'" == "coef" local metric_label "Treatment coef"
  5.         if "`met'" == "se"   local metric_label "Robust SE"
  6.         if "`met'" == "rd10" local metric_label "Risk diff (t=10)"
  7. 
.         if "`cfg'" == "1" local config_label "1-ITT"
  8.         if "`cfg'" == "2" local config_label "2-PP"
  9.         if "`cfg'" == "3" local config_label "3-PP-T"
 10. 
.         local r_val = `r`cfg'_`met''
 11.         local s_val = `c`cfg'_`met''
 12. 
.         quietly set obs `row'
 13.         quietly replace config = "`config_label'" in `row'
 14.         quietly replace metric = "`metric_label'" in `row'
 15.         quietly replace r_value = `r_val' in `row'
 16.         quietly replace stata_value = `s_val' in `row'
 17.     }
 18. }
no variables defined
r(111);

end of do-file
r(111);
