
  ___  ____  ____  ____  ____ ®
 /__    /   ____/   /   ____/      17.0
___/   /   /___/   /   /___/       MP—Parallel Edition

 Statistics and Data Science       Copyright 1985-2021 StataCorp LLC
                                   StataCorp
                                   4905 Lakeway Drive
                                   College Station, Texas 77845 USA
                                   800-STATA-PC        https://www.stata.com
                                   979-696-4600        stata@stata.com

Stata license: Single-user 16-core  perpetual
Serial number: 501706305188
  Licensed to: Timothy Copeland
               Karolinska Institutet

Notes:
      1. Stata is running in batch mode.
      2. Unicode is supported; see help unicode_advice.
      3. More than 2 billion observations are allowed; see help obs_advice.
      4. Maximum number of variables is set to 5,000 but can be increased;
          see help set_maxvar.

. do treescan/qa/crossval_treescan.do 

. * crossval_treescan.do — Cross-validation of treescan LLR computation
. *
. * Validates treescan against:
. *   1. Hand-computed Bernoulli LLR on minimal tree
. *   2. Hand-computed Bernoulli LLR on asymmetric tree with internal nodes
. *   3. R TreeMineR cross-validation on ICD-10-SE data
. *   4. Null distribution sanity check
. *   5. Hand-computed Poisson LLR
. *   6. Conditional Bernoulli permutation (observed LLR = unconditional)
. *   7. Conditional Poisson permutation (observed LLR = unconditional)
. *
. * Produces: crossval_treescan.xlsx with the validation table
. *
. * Run: stata-mp -b do crossval_treescan.do
. 
. version 16.0

. set more off

. set varabbrev off

. clear all

. 
. * --- Paths ---
. local pkg_dir "/home/tpcopeland/Stata-Tools/treescan"

. local qa_dir "`pkg_dir'/qa"

. local devdir "/home/tpcopeland/Stata-Dev"

. local outfile "`qa_dir'/crossval_treescan.xlsx"

. 
. * --- Setup adopath ---
. capture ado uninstall treescan

. adopath ++ "`pkg_dir'"
  [1]              "/home/tpcopeland/Stata-Tools/treescan"
  [2]  (BASE)      "/usr/local/stata17/ado/base/"
  [3]  (SITE)      "/usr/local/ado/"
  [4]              "."
  [5]  (PERSONAL)  "~/ado/personal/"
  [6]  (PLUS)      "~/ado/plus/"
  [7]  (OLDPLACE)  "~/ado/"

. quietly mata: mata mlib index

. 
. * --- Results storage ---
. * We'll accumulate results in locals and build the dataset at the end
. local n_results = 0

. 
. capture program drop store_result

. program define store_result
  1.     args test_name expected observed status
  2.     * Store in globals (Stata locals can't be modified from programs)
.     global _cr_n = ${_cr_n} + 1
  3.     local i = ${_cr_n}
  4.     global _cr_test`i' "`test_name'"
  5.     global _cr_expected`i' "`expected'"
  6.     global _cr_observed`i' "`observed'"
  7.     global _cr_status`i' "`status'"
  8. end

. global _cr_n = 0
invalid syntax
r(198);

end of do-file
r(198);
