
  ___  ____  ____  ____  ____ ®
 /__    /   ____/   /   ____/      17.0
___/   /   /___/   /   /___/       MP—Parallel Edition

 Statistics and Data Science       Copyright 1985-2021 StataCorp LLC
                                   StataCorp
                                   4905 Lakeway Drive
                                   College Station, Texas 77845 USA
                                   800-STATA-PC        https://www.stata.com
                                   979-696-4600        stata@stata.com

Stata license: Single-user 16-core  perpetual
Serial number: 501706305188
  Licensed to: Timothy Copeland
               Karolinska Institutet

Notes:
      1. Stata is running in batch mode.
      2. Unicode is supported; see help unicode_advice.
      3. More than 2 billion observations are allowed; see help obs_advice.
      4. Maximum number of variables is set to 5,000 but can be increased;
          see help set_maxvar.

. do nma/qa/crossval_nma_vs_r.do 

. * crossval_nma_vs_r.do — Cross-validation: Stata nma vs R netmeta
. *
. * Runs Stata nma on two published NMA datasets and compares treatment
. * effect estimates against R netmeta 3.3-1 benchmarks.
. *
. * Datasets:
. *   1. Senn et al. (2013) — Glucose-lowering drugs, 26 studies, 10 treatments
. *      Continuous outcome (HbA1c MD), pre-computed contrasts
. *   2. Dogliotti et al. (2014) — Anticoagulants in AF, 20 studies, 8 treatmen
> ts
. *      Binary outcome (stroke events), arm-level data
. *
. * R netmeta benchmarks generated using:
. *   library(netmeta); netmeta(TE, seTE, treat1, treat2, studlab, ...)
. *   REML random-effects, reference = Placebo
. *
. * Note on tau2 differences:
. *   R netmeta uses the graph-theoretical REML approach (Rucker 2012).
. *   Stata nma uses multivariate REML. This produces different tau2 values
. *   but treatment effect estimates converge (all within 0.04 except
. *   Benfluorex at 0.096, which has only 2 studies and is sensitive to tau2).
. *
. * Produces: crossval_nma_vs_r.xlsx with comparison tables for both datasets
. *
. * Run: stata-mp -b do crossval_nma_vs_r.do
. 
. version 16.0

. set more off

. set varabbrev off

. clear all

. 
. * --- Paths ---
. local pkg_dir "/home/tpcopeland/Stata-Tools/nma"

. local qa_dir "`pkg_dir'/qa"

. local outfile "`qa_dir'/crossval_nma_vs_r.xlsx"

. 
. * --- Setup adopath ---
. capture ado uninstall nma

. adopath ++ "`pkg_dir'"
  [1]              "/home/tpcopeland/Stata-Tools/nma"
  [2]  (BASE)      "/usr/local/stata17/ado/base/"
  [3]  (SITE)      "/usr/local/ado/"
  [4]              "."
  [5]  (PERSONAL)  "~/ado/personal/"
  [6]  (PLUS)      "~/ado/plus/"
  [7]  (OLDPLACE)  "~/ado/"

. 
. display _newline



. display _dup(72) "="
========================================================================

. display "Cross-Validation: Stata nma vs R netmeta"
Cross-Validation: Stata nma vs R netmeta

. display _dup(72) "="
========================================================================

. 
. * =====================================================================
. * R netmeta benchmarks (generated from netmeta 3.3-1)
. * Signs: R reports Placebo vs Treatment (positive = treatment better)
. *        Stata reports Treatment vs Placebo (negative = treatment better)
. *        We compare absolute values.
. * =====================================================================
. 
. * Senn 2013 — MD vs Placebo (REML random-effects)
. local r_s_Acarbose       = 0.8590

. local r_s_Benfluorex     = 0.7326

. local r_s_Metformin      = 1.1298

. local r_s_Miglitol       = 0.9498

. local r_s_Pioglitazone   = 1.1305

. local r_s_Rosiglitazone  = 1.2348

. local r_s_Sitagliptin    = 0.5700

. local r_s_Sulfonylurea   = 0.4237

. local r_s_Vildagliptin   = 0.7000

. local r_s_tau2           = 0.1063

. 
. * Dogliotti 2014 — logOR vs Placebo (REML random-effects)
. local r_d_Apixaban  = 1.0823

. local r_d_ASA       = 0.2594

. local r_d_ASA_Clop  = 0.5160

. local r_d_Dab110    = 0.9417

. local r_d_Dab150    = 1.2969

. local r_d_Rivarox   = 1.1120

. local r_d_VKA       = 0.8621

. local r_d_tau2      = 0.0118

. 
. local tol = 0.05

. local n_pass = 0

. local n_fail = 0

. local n_note = 0

. 
. * =====================================================================
. * DATASET 1: Senn 2013 — Glucose-lowering drugs
. * =====================================================================
. 
. display _newline



. display _dup(72) "="
========================================================================

. display "SENN 2013 — Glucose-lowering drugs (HbA1c MD)"
SENN 2013 — Glucose-lowering drugs (HbA1c MD)

. display _dup(72) "="
========================================================================

. 
. clear

. input str20 study str15 treat1 str15 treat2 double(te se_te)

                    study           treat1           treat2          te       s
> e_te
  1. "DeFronzo1995"      "Metformin"     "Placebo"       -1.90  0.1414
  2. "Lewin2007"         "Metformin"     "Placebo"       -0.82  0.0992
  3. "Willms1999a"       "Metformin"     "Acarbose"      -0.20  0.3579
  4. "Davidson2007"      "Rosiglitazone" "Placebo"       -1.34  0.1435
  5. "Wolffenbuttel1999" "Rosiglitazone" "Placebo"       -1.10  0.1141
  6. "Kipnes2001"        "Pioglitazone"  "Placebo"       -1.30  0.1268
  7. "Kerenyi2004"       "Rosiglitazone" "Placebo"       -0.77  0.1078
  8. "Hanefeld2004"      "Pioglitazone"  "Metformin"      0.16  0.0849
  9. "Derosa2004"        "Pioglitazone"  "Rosiglitazone"  0.10  0.1831
 10. "Baksi2004"         "Rosiglitazone" "Placebo"       -1.30  0.1014
 11. "Rosenstock2008"    "Rosiglitazone" "Placebo"       -1.09  0.2263
 12. "Zhu2003"           "Rosiglitazone" "Placebo"       -1.50  0.1624
 13. "Yang2003"          "Rosiglitazone" "Metformin"     -0.14  0.2239
 14. "Vongthavaravat02"  "Rosiglitazone" "Sulfonylurea"  -1.20  0.1436
 15. "Oyama2008"         "Acarbose"      "Sulfonylurea"  -0.40  0.1549
 16. "Costa1997"         "Acarbose"      "Placebo"       -0.80  0.1432
 17. "Hermansen2007"     "Sitagliptin"   "Placebo"       -0.57  0.1291
 18. "Garber2008"        "Vildagliptin"  "Placebo"       -0.70  0.1273
 19. "Alex1998"          "Metformin"     "Sulfonylurea"  -0.37  0.1184
 20. "Johnston1994"      "Miglitol"      "Placebo"       -0.74  0.1839
 21. "Johnston1998a"     "Miglitol"      "Placebo"       -1.41  0.2235
 22. "Kim2007"           "Rosiglitazone" "Metformin"      0.00  0.2339
 23. "Johnston1998b"     "Miglitol"      "Placebo"       -0.68  0.2828
 24. "GonzalezOrtiz04"   "Metformin"     "Placebo"       -0.40  0.4356
 25. "Stucci1996"        "Benfluorex"    "Placebo"       -0.23  0.3467
 26. "Moulin2006"        "Benfluorex"    "Placebo"       -1.01  0.1366
 27. "Willms1999b"       "Metformin"     "Placebo"       -1.20  0.3758
 28. "Willms1999c"       "Acarbose"      "Placebo"       -1.00  0.4669
 29. end

. 
. nma_import te se_te, studyvar(study) treat1(treat1) treat2(treat2) ///
>     measure(md) ref(Placebo)

----------------------------------------------------------------------
nma - Network Meta-Analysis
----------------------------------------------------------------------

Command: nma_import
Importing pre-computed effect sizes for network meta-analysis

Outcome type: Pre-computed (mean difference)
Reference treatment: Placebo (user-specified)

Network summary:
  Studies: 28 | Treatments: 10 | Direct comparisons: 15
  Total possible comparisons: 45
  Evidence: 4 direct, 30 indirect-only, 11 mixed

. nma_fit, nolog

----------------------------------------------------------------------
nma - Network Meta-Analysis
----------------------------------------------------------------------

Command: nma_fit
Fitting consistency model

Method: REML | Studies: 28 | Treatments: 10 | Comparisons: 15

------------------------------------------------------------------------------
     Treatment          Coef       SE         [95% CI]       P-value   Evidence
------------------------------------------------------------------------------
Acarbose vs Placebo    -0.8842   0.1728  [-1.2230, -0.5454]    <0.001  Mixed
Benfluorex vs Placebo  -0.8281   0.2621  [-1.3418, -0.3143]     0.002  Direct
Metformin vs Placebo   -1.1253   0.1281  [-1.3764, -0.8742]    <0.001  Mixed
Miglitol vs Placebo    -0.9149   0.2371  [-1.3796, -0.4502]    <0.001  Direct
Pioglitazone vs Placebo  -1.1686 0.2104  [-1.5810, -0.7562]    <0.001  Mixed
Rosiglitazone vs Placebo  -1.2325 0.1115 [-1.4511, -1.0140]    <0.001  Mixed
Sitagliptin vs Placebo  -0.5700  0.2940  [-1.1463,  0.0063]     0.053  Direct
Sulfonylurea vs Placebo  -0.4003 0.2083  [-0.8085,  0.0079]     0.055  Indirect
Vildagliptin vs Placebo  -0.7000 0.3087  [-1.3049, -0.0951]     0.023  Direct
------------------------------------------------------------------------------

Heterogeneity: tau2 =  0.0086, I2 =  27.8%

. 
. tempname b_senn

. matrix `b_senn' = e(b)

. local senn_cnames : colnames `b_senn'

. local senn_tau2 = e(tau2)

. local senn_p = colsof(`b_senn')

. 
. * Build Senn results
. local senn_treatments "Acarbose Benfluorex Metformin Miglitol Pioglitazone Ro
> siglitazone Sitagliptin Sulfonylurea Vildagliptin"

. 
. * Store Stata values
. foreach t of local senn_treatments {
  2.     local col = 0
  3.     local j = 0
  4.     foreach c of local senn_cnames {
  5.         local ++j
  6.         if "`c'" == "`t'" local col = `j'
  7.     }
  8.     if `col' > 0 {
  9.         local s_s_`t' = abs(`b_senn'[1, `col'])
 10.     }
 11. }

. 
. * =====================================================================
. * DATASET 2: Dogliotti 2014 — Anticoagulants in AF
. * =====================================================================
. 
. display _newline



. display _dup(72) "="
========================================================================

. display "DOGLIOTTI 2014 — Anticoagulants in AF (stroke logOR)"
DOGLIOTTI 2014 — Anticoagulants in AF (stroke logOR)

. display _dup(72) "="
========================================================================

. 
. clear

. input str20 study str22 treatment stroke total

                    study               treatment     stroke      total
  1. "AFASAK_I_1989"      "VKA"          9   335
  2. "AFASAK_I_1989"      "ASA"         16   336
  3. "AFASAK_I_1989"      "Placebo"     19   336
  4. "BAATAF_1990"        "VKA"          3   212
  5. "BAATAF_1990"        "Placebo"     13   208
  6. "CAFA_1991"          "VKA"          6   187
  7. "CAFA_1991"          "Placebo"      9   191
  8. "SPAF_I_1991"        "VKA"          8   210
  9. "SPAF_I_1991"        "ASA"         24   552
 10. "SPAF_I_1991"        "Placebo"     42   568
 11. "SPINAF_1992"        "VKA"          7   260
 12. "SPINAF_1992"        "Placebo"     23   265
 13. "EAFT_1993"          "VKA"         20   225
 14. "EAFT_1993"          "ASA"         88   404
 15. "EAFT_1993"          "Placebo"     90   378
 16. "SPAF_II_1994"       "VKA"         39   555
 17. "SPAF_II_1994"       "ASA"         42   545
 18. "AFASAK_II_1998"     "VKA"         10   170
 19. "AFASAK_II_1998"     "ASA"          9   169
 20. "PATAF_1999"         "VKA"          3   131
 21. "PATAF_1999"         "ASA"         22   319
 22. "LASAF_1999"         "ASA"          5   194
 23. "LASAF_1999"         "Placebo"      3    91
 24. "ACTIVE_W_2006"      "VKA"         59  3371
 25. "ACTIVE_W_2006"      "ASA_Clop"   100  3335
 26. "JAST_2006"          "ASA"         17   426
 27. "JAST_2006"          "Placebo"     18   445
 28. "ACTIVE_A_2006"      "ASA_Clop"   296  3772
 29. "ACTIVE_A_2006"      "ASA"        408  3782
 30. "Chinese_ATAFS_2006" "VKA"          9   335
 31. "Chinese_ATAFS_2006" "ASA"         17   369
 32. "BAFTA_2007"         "VKA"         21   488
 33. "BAFTA_2007"         "ASA"         44   485
 34. "WASPO_2007"         "VKA"          0    36
 35. "WASPO_2007"         "ASA"          0    39
 36. "RE_LY_2009"         "Dab110"     171  6015
 37. "RE_LY_2009"         "Dab150"     122  6076
 38. "RE_LY_2009"         "VKA"        185  6022
 39. "ROCKET_2011"        "Rivarox"    188  7081
 40. "ROCKET_2011"        "VKA"        240  7090
 41. "ARISTOTLE_2011"     "Apixaban"   197  9120
 42. "ARISTOTLE_2011"     "VKA"        248  9081
 43. "AVERROES_2011"      "Apixaban"    49  2808
 44. "AVERROES_2011"      "ASA"        105  2791
 45. end

. 
. nma_setup stroke total, studyvar(study) trtvar(treatment) ref(Placebo)

----------------------------------------------------------------------
nma - Network Meta-Analysis
----------------------------------------------------------------------

Command: nma_setup
Preparing arm-level data for network meta-analysis

  Zero-cell correction (.5) applied to 2 arms
(24 missing values generated)
(24 missing values generated)
(24 missing values generated)
(20 missing values generated)
(20 missing values generated)
Outcome type: Binary (log odds ratio)
Reference treatment: Placebo (user-specified)

Network summary:
  Studies: 20 | Treatments: 8 | Direct comparisons: 11
  Total possible comparisons: 28
  Evidence: 1 direct, 17 indirect-only, 10 mixed

Connectivity: Network is fully connected

. nma_fit, nolog

----------------------------------------------------------------------
nma - Network Meta-Analysis
----------------------------------------------------------------------

Command: nma_fit
Fitting consistency model

Method: REML | Studies: 20 | Treatments: 8 | Comparisons: 11

------------------------------------------------------------------------------
     Treatment          Coef       SE         [95% CI]       P-value   Evidence
------------------------------------------------------------------------------
ASA vs Placebo         -0.2825   0.1181  [-0.5140, -0.0509]     0.017  Mixed
ASA_Clop vs Placebo    -0.5366   0.1597  [-0.8496, -0.2236]    <0.001  Indirect
Apixaban vs Placebo    -1.1075   0.1672  [-1.4352, -0.7797]    <0.001  Indirect
Dab110 vs Placebo      -0.9654   0.2024  [-1.3622, -0.5686]    <0.001  Indirect
Dab150 vs Placebo      -1.3217   0.2826  [-1.8755, -0.7679]    <0.001  Indirect
Rivarox vs Placebo     -1.1359   0.1979  [-1.5238, -0.7481]    <0.001  Indirect
VKA vs Placebo         -0.8855   0.1284  [-1.1371, -0.6338]    <0.001  Mixed
------------------------------------------------------------------------------

Heterogeneity: tau2 =  0.0038, I2 =   3.7%
Note: Coefficients are on log scale. Use eform option for exponentiated estimat
> es.

. 
. tempname b_dog

. matrix `b_dog' = e(b)

. local dog_cnames : colnames `b_dog'

. local dog_tau2 = e(tau2)

. 
. * Store Dogliotti Stata values
. local dog_treatments "Apixaban ASA ASA_Clop Dab110 Dab150 Rivarox VKA"

. 
. foreach t of local dog_treatments {
  2.     local col = 0
  3.     local j = 0
  4.     foreach c of local dog_cnames {
  5.         local ++j
  6.         if "`c'" == "`t'" local col = `j'
  7.     }
  8.     if `col' > 0 {
  9.         local s_d_`t' = abs(`b_dog'[1, `col'])
 10.     }
 11. }

. 
. * =====================================================================
. * BUILD COMBINED RESULTS DATASET
. * =====================================================================
. 
. clear

. local total_rows = 9 + 7 + 2

. set obs `total_rows'
Number of observations (_N) was 0, now 18.

. 
. gen str20 dataset = ""
(18 missing values generated)

. gen str20 treatment = ""
(18 missing values generated)

. gen double r_value = .
(18 missing values generated)

. gen double stata_value = .
(18 missing values generated)

. gen double diff = .
(18 missing values generated)

. gen str6 status = ""
(18 missing values generated)

. 
. local row = 0

. 
. * Senn treatments
. foreach t of local senn_treatments {
  2.     local ++row
  3.     quietly replace dataset = "Senn 2013" in `row'
  4.     quietly replace treatment = "`t'" in `row'
  5.     quietly replace r_value = `r_s_`t'' in `row'
  6.     quietly replace stata_value = `s_s_`t'' in `row'
  7.     quietly replace diff = abs(`r_s_`t'' - `s_s_`t'') in `row'
  8. 
.     local d = abs(`r_s_`t'' - `s_s_`t'')
  9.     if `d' < `tol' {
 10.         quietly replace status = "PASS" in `row'
 11.         local ++n_pass
 12.     }
 13.     else if `d' < 0.10 {
 14.         quietly replace status = "NOTE*" in `row'
 15.         local ++n_note
 16.     }
 17.     else {
 18.         quietly replace status = "FAIL" in `row'
 19.         local ++n_fail
 20.     }
 21. }

. 
. * Senn tau2
. local ++row

. quietly replace dataset = "Senn 2013" in `row'

. quietly replace treatment = "tau2" in `row'

. quietly replace r_value = `r_s_tau2' in `row'

. quietly replace stata_value = `senn_tau2' in `row'

. quietly replace diff = abs(`r_s_tau2' - `senn_tau2') in `row'

. quietly replace status = "INFO" in `row'

. 
. * Dogliotti treatments
. foreach t of local dog_treatments {
  2.     local ++row
  3.     quietly replace dataset = "Dogliotti 2014" in `row'
  4.     quietly replace treatment = "`t'" in `row'
  5.     quietly replace r_value = `r_d_`t'' in `row'
  6.     quietly replace stata_value = `s_d_`t'' in `row'
  7.     quietly replace diff = abs(`r_d_`t'' - `s_d_`t'') in `row'
  8. 
.     local d = abs(`r_d_`t'' - `s_d_`t'')
  9.     if `d' < `tol' {
 10.         quietly replace status = "PASS" in `row'
 11.         local ++n_pass
 12.     }
 13.     else {
 14.         quietly replace status = "FAIL" in `row'
 15.         local ++n_fail
 16.     }
 17. }

. 
. * Dogliotti tau2
. local ++row

. quietly replace dataset = "Dogliotti 2014" in `row'

. quietly replace treatment = "tau2" in `row'

. quietly replace r_value = `r_d_tau2' in `row'

. quietly replace stata_value = `dog_tau2' in `row'

. quietly replace diff = abs(`r_d_tau2' - `dog_tau2') in `row'

. quietly replace status = "INFO" in `row'

. 
. * =====================================================================
. * DISPLAY RESULTS
. * =====================================================================
. 
. display _newline



. display _dup(72) "="
========================================================================

. display "CROSS-VALIDATION COMPARISON TABLE"
CROSS-VALIDATION COMPARISON TABLE

. display _dup(72) "="
========================================================================

. display %16s "Dataset" "  " %16s "Treatment" "  " %10s "R netmeta" "  " %10s 
> "Stata nma" "  " %8s "Diff" "  " %6s "Status"
         Dataset         Treatment   R netmeta   Stata nma      Diff  Status

. display _dup(76) "-"
----------------------------------------------------------------------------

. 
. local prev_ds = ""

. forvalues i = 1/`=_N' {
  2.     local cur_ds = dataset[`i']
  3.     if "`cur_ds'" != "`prev_ds'" & "`prev_ds'" != "" {
  4.         display _dup(76) "-"
  5.     }
  6.     local prev_ds "`cur_ds'"
  7. 
.     display %16s dataset[`i'] "  " %16s treatment[`i'] ///
>         "  " %10.4f r_value[`i'] "  " %10.4f stata_value[`i'] ///
>         "  " %8.4f diff[`i'] "  " %6s status[`i']
  8. }
       Senn 2013          Acarbose      0.8590      0.8842    0.0252    PASS
       Senn 2013        Benfluorex      0.7326      0.8281    0.0955   NOTE*
       Senn 2013         Metformin      1.1298      1.1253    0.0045    PASS
       Senn 2013          Miglitol      0.9498      0.9149    0.0349    PASS
       Senn 2013      Pioglitazone      1.1305      1.1686    0.0381    PASS
       Senn 2013     Rosiglitazone      1.2348      1.2325    0.0023    PASS
       Senn 2013       Sitagliptin      0.5700      0.5700    0.0000    PASS
       Senn 2013      Sulfonylurea      0.4237      0.4003    0.0234    PASS
       Senn 2013      Vildagliptin      0.7000      0.7000    0.0000    PASS
       Senn 2013              tau2      0.1063      0.0086    0.0977    INFO
----------------------------------------------------------------------------
  Dogliotti 2014          Apixaban      1.0823      1.1075    0.0252    PASS
  Dogliotti 2014               ASA      0.2594      0.2825    0.0231    PASS
  Dogliotti 2014          ASA_Clop      0.5160      0.5366    0.0206    PASS
  Dogliotti 2014            Dab110      0.9417      0.9654    0.0237    PASS
  Dogliotti 2014            Dab150      1.2969      1.3217    0.0248    PASS
  Dogliotti 2014           Rivarox      1.1120      1.1359    0.0239    PASS
  Dogliotti 2014               VKA      0.8621      0.8855    0.0234    PASS
  Dogliotti 2014              tau2      0.0118      0.0038    0.0080    INFO

. 
. display _dup(76) "-"
----------------------------------------------------------------------------

. display "PASS: `n_pass'  NOTE: `n_note'  FAIL: `n_fail'  (tolerance = `tol' f
> or coefficients)"
PASS: 15  NOTE: 1  FAIL: 0  (tolerance = .05 for coefficients)

. 
. if `n_fail' == 0 & `n_note' == 0 {
.     display as result "ALL TREATMENT EFFECTS MATCH R NETMETA WITHIN TOLERANCE
> "
. }

. else if `n_fail' == 0 {
.     display as result "ALL WITHIN TOLERANCE (`n_note' with NOTE due to tau2 s
> ensitivity)"
ALL WITHIN TOLERANCE (1 with NOTE due to tau2 sensitivity)
. }

. else {
.     display as error "`n_fail' TREATMENT EFFECTS EXCEEDED TOLERANCE"
. }

. 
. * =====================================================================
. * EXPORT TO XLSX
. * =====================================================================
. 
. capture erase "`outfile'"

. quietly {

. 
. display _newline "Results exported to `outfile'"

Results exported to /home/tpcopeland/Stata-Tools/nma/qa/crossval_nma_vs_r.xlsx

. 
end of do-file
